00:28:38 **** Clean-only build of configuration Debug for project Ej 2-3 ****
make clean 
make: *** No rule to make target `clean'.  Stop.
"make clean" terminated with exit code 2. Build might be incomplete.

00:28:38 Build Failed. 1 errors, 0 warnings. (took 238ms)

00:28:38 **** Build of configuration Debug for project Ej 2-3 ****
make all 
Building file: ../src/Ej 2-3.c
Invoking: GCC C Compiler
gcc -O0 -g3 -Wall -c -fmessage-length=0 -MMD -MP -MF"src/Ej 2-3.d" -MT"src/Ej 2-3.o" -o "src/Ej 2-3.o" "../src/Ej 2-3.c"
Finished building: ../src/Ej 2-3.c
 
Building target: Ej 2-3
Invoking: MacOS X C Linker
gcc  -o "Ej 2-3"  ./src/Ej\ 2-3.o   
Finished building target: Ej 2-3
 
00:28:39 **** Build of configuration Release for project Ej 2-3 ****
make all 
Building file: ../src/Ej 2-3.c
Invoking: GCC C Compiler
gcc -O3 -Wall -c -fmessage-length=0 -MMD -MP -MF"src/Ej 2-3.d" -MT"src/Ej 2-3.o" -o "src/Ej 2-3.o" "../src/Ej 2-3.c"
Finished building: ../src/Ej 2-3.c
 
Building target: Ej 2-3
Invoking: MacOS X C Linker
gcc  -o "Ej 2-3"  ./src/Ej\ 2-3.o   
Finished building target: Ej 2-3
 
00:28:45 **** Clean-only build of configuration Debug for project Ej 2-3 ****
make clean 
rm -rf ./src/Ej\ 2-3.d ./src/Ej\ 2-3.o
rm -rf Ej\\ 2-3
 
00:28:45 **** Incremental Build of configuration Debug for project Ej 2-3 ****
make all 
Building file: ../src/Ej 2-3.c
Invoking: GCC C Compiler
gcc -O0 -g3 -Wall -c -fmessage-length=0 -MMD -MP -MF"src/Ej 2-3.d" -MT"src/Ej 2-3.o" -o "src/Ej 2-3.o" "../src/Ej 2-3.c"
Finished building: ../src/Ej 2-3.c
 
Building target: Ej 2-3
Invoking: MacOS X C Linker
gcc  -o "Ej 2-3"  ./src/Ej\ 2-3.o   
Finished building target: Ej 2-3
 
